<?xml version="1.0" encoding="UTF-8"?>
<!-- Generated by org.testng.reporters.JUnitXMLReporter -->
<testsuite ignored="0" hostname="DESKTOP-CP6NJHT" failures="3" tests="6" name="Surefire test" time="0.086" errors="0" timestamp="2023-11-27T16:49:20 MSK">
  <testcase classname="teenage.qajava.PersonTest" name="proverka" time="0.019"/>
  <testcase classname="teenage.qajava.PersonTest" name="proverka" time="0.001">
    <failure type="java.lang.AssertionError" message="expected [true] but found [false]">
      <![CDATA[java.lang.AssertionError: expected [true] but found [false]
at teenage.qajava.PersonTest.proverka(PersonTest.java:32)
at java.base/java.util.ArrayList.forEach(ArrayList.java:1511)
... Removed 35 stack frames]]>
    </failure>
  </testcase> <!-- proverka -->
  <testcase classname="teenage.qajava.PersonTest" name="proverka" time="0.001">
    <failure type="java.lang.AssertionError" message="expected [true] but found [false]">
      <![CDATA[java.lang.AssertionError: expected [true] but found [false]
at teenage.qajava.PersonTest.proverka(PersonTest.java:32)
at java.base/java.util.ArrayList.forEach(ArrayList.java:1511)
... Removed 35 stack frames]]>
    </failure>
  </testcase> <!-- proverka -->
  <testcase classname="teenage.qajava.PersonTest" name="proverka" time="0.0"/>
  <testcase classname="teenage.qajava.PersonTest" name="proverka" time="0.0">
    <failure type="java.lang.AssertionError" message="expected [false] but found [true]">
      <![CDATA[java.lang.AssertionError: expected [false] but found [true]
at teenage.qajava.PersonTest.proverka(PersonTest.java:32)
at java.base/java.util.ArrayList.forEach(ArrayList.java:1511)
... Removed 35 stack frames]]>
    </failure>
  </testcase> <!-- proverka -->
  <testcase classname="teenage.qajava.PersonTest" name="proverka" time="0.0"/>
</testsuite> <!-- Surefire test -->
